<?xml version="1.0" encoding="UTF-8"?>
<coverage generated="1579035794812" clover="3.2.0">
  <project timestamp="1579035794812" name="All files">
    <metrics statements="56" coveredstatements="55" conditionals="26" coveredconditionals="25" methods="18" coveredmethods="18" elements="100" coveredelements="98" complexity="0" loc="56" ncloc="56" packages="2" files="5" classes="5"/>
    <package name="src">
      <metrics statements="3" coveredstatements="2" conditionals="0" coveredconditionals="0" methods="1" coveredmethods="1"/>
      <file name="App.js" path="/Users/ghyener/Desktop/Gul-Assignment/src/App.js">
        <metrics statements="2" coveredstatements="2" conditionals="0" coveredconditionals="0" methods="1" coveredmethods="1"/>
        <line num="4" count="1" type="stmt"/>
        <line num="5" count="1" type="stmt"/>
      </file>
      <file name="HotApp.js" path="/Users/ghyener/Desktop/Gul-Assignment/src/HotApp.js">
        <metrics statements="0" coveredstatements="0" conditionals="0" coveredconditionals="0" methods="0" coveredmethods="0"/>
      </file>
      <file name="entry.js" path="/Users/ghyener/Desktop/Gul-Assignment/src/entry.js">
        <metrics statements="1" coveredstatements="0" conditionals="0" coveredconditionals="0" methods="0" coveredmethods="0"/>
        <line num="7" count="0" type="stmt"/>
      </file>
    </package>
    <package name="src.components">
      <metrics statements="53" coveredstatements="53" conditionals="26" coveredconditionals="25" methods="17" coveredmethods="17"/>
      <file name="DropdownList.js" path="/Users/ghyener/Desktop/Gul-Assignment/src/components/DropdownList.js">
        <metrics statements="8" coveredstatements="8" conditionals="6" coveredconditionals="6" methods="4" coveredmethods="4"/>
        <line num="4" count="3" type="stmt"/>
        <line num="5" count="17" type="cond" truecount="2" falsecount="0"/>
        <line num="14" count="3" type="stmt"/>
        <line num="19" count="17" type="cond" truecount="2" falsecount="0"/>
        <line num="51" count="3" type="stmt"/>
        <line num="66" count="3" type="stmt"/>
        <line num="67" count="17" type="stmt"/>
        <line num="71" count="14779" type="stmt"/>
      </file>
      <file name="SearchBar.js" path="/Users/ghyener/Desktop/Gul-Assignment/src/components/SearchBar.js">
        <metrics statements="45" coveredstatements="45" conditionals="20" coveredconditionals="19" methods="13" coveredmethods="13"/>
        <line num="10" count="2" type="stmt"/>
        <line num="11" count="2000" type="stmt"/>
        <line num="12" count="16980" type="stmt"/>
        <line num="14" count="2" type="stmt"/>
        <line num="16" count="2" type="stmt"/>
        <line num="21" count="2" type="stmt"/>
        <line num="32" count="2" type="stmt"/>
        <line num="43" count="2" type="stmt"/>
        <line num="44" count="18" type="cond" truecount="2" falsecount="0"/>
        <line num="51" count="2" type="stmt"/>
        <line num="55" count="18" type="cond" truecount="2" falsecount="0"/>
        <line num="62" count="2" type="stmt"/>
        <line num="68" count="18" type="cond" truecount="2" falsecount="0"/>
        <line num="70" count="18" type="cond" truecount="4" falsecount="0"/>
        <line num="79" count="2" type="stmt"/>
        <line num="93" count="2" type="stmt"/>
        <line num="94" count="18" type="stmt"/>
        <line num="95" count="18" type="stmt"/>
        <line num="96" count="18" type="stmt"/>
        <line num="98" count="18" type="stmt"/>
        <line num="100" count="18" type="stmt"/>
        <line num="101" count="17730" type="stmt"/>
        <line num="102" count="17730" type="stmt"/>
        <line num="103" count="17730" type="stmt"/>
        <line num="106" count="18" type="stmt"/>
        <line num="107" count="2" type="stmt"/>
        <line num="108" count="2" type="stmt"/>
        <line num="111" count="18" type="stmt"/>
        <line num="112" count="1" type="stmt"/>
        <line num="113" count="1" type="stmt"/>
        <line num="114" count="1" type="cond" truecount="1" falsecount="1"/>
        <line num="115" count="1" type="stmt"/>
        <line num="116" count="1" type="stmt"/>
        <line num="120" count="18" type="stmt"/>
        <line num="121" count="3" type="stmt"/>
        <line num="122" count="3" type="stmt"/>
        <line num="125" count="18" type="stmt"/>
        <line num="126" count="3" type="stmt"/>
        <line num="127" count="3" type="cond" truecount="2" falsecount="0"/>
        <line num="128" count="1" type="stmt"/>
        <line num="129" count="1" type="stmt"/>
        <line num="131" count="2" type="stmt"/>
        <line num="132" count="2" type="stmt"/>
        <line num="136" count="18" type="stmt"/>
        <line num="143" count="1" type="stmt"/>
      </file>
    </package>
  </project>
</coverage>
