{"/Users/ghyener/Desktop/Gul-Assignment/src/App.js": {"path":"/Users/ghyener/Desktop/Gul-Assignment/src/App.js","statementMap":{"0":{"start":{"line":4,"column":12},"end":{"line":10,"column":1}},"1":{"start":{"line":5,"column":2},"end":{"line":9,"column":4}}},"fnMap":{"0":{"name":"(anonymous_0)","decl":{"start":{"line":4,"column":12},"end":{"line":4,"column":13}},"loc":{"start":{"line":4,"column":18},"end":{"line":10,"column":1}},"line":4}},"branchMap":{},"s":{"0":1,"1":1},"f":{"0":1},"b":{},"_coverageSchema":"43e27e138ebf9cfc5966b082cf9a028302ed4184","hash":"3d72382f0aa68b387b3f77d953243b3d30f8057d"}
,"/Users/ghyener/Desktop/Gul-Assignment/src/HotApp.js": {"path":"/Users/ghyener/Desktop/Gul-Assignment/src/HotApp.js","statementMap":{},"fnMap":{},"branchMap":{},"s":{},"f":{},"b":{},"hash":"a49e5c4dbc75d70f2779e81acdd9c48648f49901"}
,"/Users/ghyener/Desktop/Gul-Assignment/src/entry.js": {"path":"/Users/ghyener/Desktop/Gul-Assignment/src/entry.js","statementMap":{"0":{"start":{"line":7,"column":0},"end":{"line":7,"column":60}}},"fnMap":{},"branchMap":{},"s":{"0":0},"f":{},"b":{},"hash":"9e407be4dd39eee1d2e3f62f9264d87365acf1f7"}
,"/Users/ghyener/Desktop/Gul-Assignment/src/components/DropdownList.js": {"path":"/Users/ghyener/Desktop/Gul-Assignment/src/components/DropdownList.js","statementMap":{"0":{"start":{"line":4,"column":22},"end":{"line":12,"column":1}},"1":{"start":{"line":5,"column":23},"end":{"line":5,"column":54}},"2":{"start":{"line":14,"column":11},"end":{"line":49,"column":1}},"3":{"start":{"line":19,"column":26},"end":{"line":19,"column":64}},"4":{"start":{"line":51,"column":11},"end":{"line":64,"column":1}},"5":{"start":{"line":66,"column":21},"end":{"line":78,"column":1}},"6":{"start":{"line":67,"column":2},"end":{"line":77,"column":4}},"7":{"start":{"line":71,"column":10},"end":{"line":73,"column":15}}},"fnMap":{"0":{"name":"(anonymous_0)","decl":{"start":{"line":5,"column":13},"end":{"line":5,"column":14}},"loc":{"start":{"line":5,"column":23},"end":{"line":5,"column":54}},"line":5},"1":{"name":"(anonymous_1)","decl":{"start":{"line":19,"column":16},"end":{"line":19,"column":17}},"loc":{"start":{"line":19,"column":26},"end":{"line":19,"column":64}},"line":19},"2":{"name":"(anonymous_2)","decl":{"start":{"line":66,"column":21},"end":{"line":66,"column":22}},"loc":{"start":{"line":66,"column":57},"end":{"line":78,"column":1}},"line":66},"3":{"name":"(anonymous_3)","decl":{"start":{"line":70,"column":19},"end":{"line":70,"column":20}},"loc":{"start":{"line":71,"column":10},"end":{"line":73,"column":15}},"line":71}},"branchMap":{"0":{"loc":{"start":{"line":5,"column":23},"end":{"line":5,"column":54}},"type":"cond-expr","locations":[{"start":{"line":5,"column":38},"end":{"line":5,"column":45}},{"start":{"line":5,"column":48},"end":{"line":5,"column":54}}],"line":5},"1":{"loc":{"start":{"line":19,"column":26},"end":{"line":19,"column":64}},"type":"cond-expr","locations":[{"start":{"line":19,"column":45},"end":{"line":19,"column":53}},{"start":{"line":19,"column":56},"end":{"line":19,"column":64}}],"line":19},"2":{"loc":{"start":{"line":69,"column":37},"end":{"line":69,"column":67}},"type":"cond-expr","locations":[{"start":{"line":69,"column":56},"end":{"line":69,"column":60}},{"start":{"line":69,"column":63},"end":{"line":69,"column":67}}],"line":69}},"s":{"0":3,"1":17,"2":3,"3":17,"4":3,"5":3,"6":17,"7":14779},"f":{"0":17,"1":17,"2":17,"3":14779},"b":{"0":[3,14],"1":[2,15],"2":[2,15]},"_coverageSchema":"43e27e138ebf9cfc5966b082cf9a028302ed4184","hash":"fa77d86d1405ce351af56fd04e36913e5e762d2d"}
,"/Users/ghyener/Desktop/Gul-Assignment/src/components/SearchBar.js": {"path":"/Users/ghyener/Desktop/Gul-Assignment/src/components/SearchBar.js","statementMap":{"0":{"start":{"line":10,"column":18},"end":{"line":12,"column":47}},"1":{"start":{"line":11,"column":20},"end":{"line":11,"column":31}},"2":{"start":{"line":12,"column":18},"end":{"line":12,"column":46}},"3":{"start":{"line":14,"column":19},"end":{"line":14,"column":38}},"4":{"start":{"line":16,"column":18},"end":{"line":19,"column":1}},"5":{"start":{"line":21,"column":20},"end":{"line":30,"column":1}},"6":{"start":{"line":32,"column":18},"end":{"line":41,"column":1}},"7":{"start":{"line":43,"column":19},"end":{"line":49,"column":1}},"8":{"start":{"line":44,"column":23},"end":{"line":44,"column":54}},"9":{"start":{"line":51,"column":22},"end":{"line":60,"column":1}},"10":{"start":{"line":55,"column":4},"end":{"line":55,"column":87}},"11":{"start":{"line":62,"column":14},"end":{"line":77,"column":1}},"12":{"start":{"line":68,"column":21},"end":{"line":68,"column":56}},"13":{"start":{"line":70,"column":28},"end":{"line":70,"column":71}},"14":{"start":{"line":79,"column":23},"end":{"line":91,"column":1}},"15":{"start":{"line":93,"column":18},"end":{"line":183,"column":1}},"16":{"start":{"line":94,"column":40},"end":{"line":94,"column":52}},"17":{"start":{"line":95,"column":32},"end":{"line":95,"column":47}},"18":{"start":{"line":96,"column":30},"end":{"line":96,"column":45}},"19":{"start":{"line":98,"column":19},"end":{"line":98,"column":27}},"20":{"start":{"line":100,"column":24},"end":{"line":104,"column":4}},"21":{"start":{"line":101,"column":21},"end":{"line":101,"column":46}},"22":{"start":{"line":102,"column":23},"end":{"line":102,"column":48}},"23":{"start":{"line":103,"column":4},"end":{"line":103,"column":41}},"24":{"start":{"line":106,"column":23},"end":{"line":109,"column":3}},"25":{"start":{"line":107,"column":23},"end":{"line":107,"column":41}},"26":{"start":{"line":108,"column":4},"end":{"line":108,"column":31}},"27":{"start":{"line":111,"column":22},"end":{"line":118,"column":3}},"28":{"start":{"line":112,"column":18},"end":{"line":112,"column":41}},"29":{"start":{"line":113,"column":4},"end":{"line":113,"column":26}},"30":{"start":{"line":114,"column":4},"end":{"line":117,"column":5}},"31":{"start":{"line":115,"column":6},"end":{"line":115,"column":23}},"32":{"start":{"line":116,"column":6},"end":{"line":116,"column":23}},"33":{"start":{"line":120,"column":22},"end":{"line":123,"column":3}},"34":{"start":{"line":121,"column":4},"end":{"line":121,"column":21}},"35":{"start":{"line":122,"column":4},"end":{"line":122,"column":20}},"36":{"start":{"line":125,"column":27},"end":{"line":134,"column":3}},"37":{"start":{"line":126,"column":4},"end":{"line":126,"column":28}},"38":{"start":{"line":127,"column":4},"end":{"line":133,"column":5}},"39":{"start":{"line":128,"column":6},"end":{"line":128,"column":25}},"40":{"start":{"line":129,"column":6},"end":{"line":129,"column":31}},"41":{"start":{"line":131,"column":6},"end":{"line":131,"column":23}},"42":{"start":{"line":132,"column":6},"end":{"line":132,"column":24}},"43":{"start":{"line":136,"column":2},"end":{"line":182,"column":4}},"44":{"start":{"line":143,"column":25},"end":{"line":143,"column":49}}},"fnMap":{"0":{"name":"(anonymous_0)","decl":{"start":{"line":11,"column":10},"end":{"line":11,"column":11}},"loc":{"start":{"line":11,"column":20},"end":{"line":11,"column":31}},"line":11},"1":{"name":"(anonymous_1)","decl":{"start":{"line":12,"column":8},"end":{"line":12,"column":9}},"loc":{"start":{"line":12,"column":18},"end":{"line":12,"column":46}},"line":12},"2":{"name":"(anonymous_2)","decl":{"start":{"line":44,"column":13},"end":{"line":44,"column":14}},"loc":{"start":{"line":44,"column":23},"end":{"line":44,"column":54}},"line":44},"3":{"name":"(anonymous_3)","decl":{"start":{"line":54,"column":15},"end":{"line":54,"column":16}},"loc":{"start":{"line":55,"column":4},"end":{"line":55,"column":87}},"line":55},"4":{"name":"(anonymous_4)","decl":{"start":{"line":68,"column":11},"end":{"line":68,"column":12}},"loc":{"start":{"line":68,"column":21},"end":{"line":68,"column":56}},"line":68},"5":{"name":"(anonymous_5)","decl":{"start":{"line":70,"column":18},"end":{"line":70,"column":19}},"loc":{"start":{"line":70,"column":28},"end":{"line":70,"column":71}},"line":70},"6":{"name":"(anonymous_6)","decl":{"start":{"line":93,"column":18},"end":{"line":93,"column":19}},"loc":{"start":{"line":93,"column":24},"end":{"line":183,"column":1}},"line":93},"7":{"name":"(anonymous_7)","decl":{"start":{"line":100,"column":41},"end":{"line":100,"column":42}},"loc":{"start":{"line":100,"column":51},"end":{"line":104,"column":3}},"line":100},"8":{"name":"(anonymous_8)","decl":{"start":{"line":106,"column":23},"end":{"line":106,"column":24}},"loc":{"start":{"line":106,"column":32},"end":{"line":109,"column":3}},"line":106},"9":{"name":"(anonymous_9)","decl":{"start":{"line":111,"column":22},"end":{"line":111,"column":23}},"loc":{"start":{"line":111,"column":31},"end":{"line":118,"column":3}},"line":111},"10":{"name":"(anonymous_10)","decl":{"start":{"line":120,"column":22},"end":{"line":120,"column":23}},"loc":{"start":{"line":120,"column":28},"end":{"line":123,"column":3}},"line":120},"11":{"name":"(anonymous_11)","decl":{"start":{"line":125,"column":27},"end":{"line":125,"column":28}},"loc":{"start":{"line":125,"column":36},"end":{"line":134,"column":3}},"line":125},"12":{"name":"(anonymous_12)","decl":{"start":{"line":143,"column":19},"end":{"line":143,"column":20}},"loc":{"start":{"line":143,"column":25},"end":{"line":143,"column":49}},"line":143}},"branchMap":{"0":{"loc":{"start":{"line":44,"column":23},"end":{"line":44,"column":54}},"type":"cond-expr","locations":[{"start":{"line":44,"column":38},"end":{"line":44,"column":45}},{"start":{"line":44,"column":48},"end":{"line":44,"column":54}}],"line":44},"1":{"loc":{"start":{"line":55,"column":4},"end":{"line":55,"column":87}},"type":"cond-expr","locations":[{"start":{"line":55,"column":18},"end":{"line":55,"column":52}},{"start":{"line":55,"column":55},"end":{"line":55,"column":87}}],"line":55},"2":{"loc":{"start":{"line":68,"column":21},"end":{"line":68,"column":56}},"type":"cond-expr","locations":[{"start":{"line":68,"column":35},"end":{"line":68,"column":44}},{"start":{"line":68,"column":47},"end":{"line":68,"column":56}}],"line":68},"3":{"loc":{"start":{"line":70,"column":28},"end":{"line":70,"column":71}},"type":"cond-expr","locations":[{"start":{"line":70,"column":59},"end":{"line":70,"column":65}},{"start":{"line":70,"column":68},"end":{"line":70,"column":71}}],"line":70},"4":{"loc":{"start":{"line":70,"column":28},"end":{"line":70,"column":56}},"type":"binary-expr","locations":[{"start":{"line":70,"column":28},"end":{"line":70,"column":39}},{"start":{"line":70,"column":43},"end":{"line":70,"column":56}}],"line":70},"5":{"loc":{"start":{"line":114,"column":4},"end":{"line":117,"column":5}},"type":"if","locations":[{"start":{"line":114,"column":4},"end":{"line":117,"column":5}},{"start":{"line":114,"column":4},"end":{"line":117,"column":5}}],"line":114},"6":{"loc":{"start":{"line":127,"column":4},"end":{"line":133,"column":5}},"type":"if","locations":[{"start":{"line":127,"column":4},"end":{"line":133,"column":5}},{"start":{"line":127,"column":4},"end":{"line":133,"column":5}}],"line":127},"7":{"loc":{"start":{"line":153,"column":25},"end":{"line":153,"column":58}},"type":"cond-expr","locations":[{"start":{"line":153,"column":34},"end":{"line":153,"column":53}},{"start":{"line":153,"column":56},"end":{"line":153,"column":58}}],"line":153},"8":{"loc":{"start":{"line":161,"column":11},"end":{"line":170,"column":11}},"type":"cond-expr","locations":[{"start":{"line":162,"column":12},"end":{"line":167,"column":14}},{"start":{"line":169,"column":12},"end":{"line":169,"column":27}}],"line":161},"9":{"loc":{"start":{"line":172,"column":9},"end":{"line":179,"column":9}},"type":"binary-expr","locations":[{"start":{"line":172,"column":9},"end":{"line":172,"column":33}},{"start":{"line":173,"column":10},"end":{"line":178,"column":26}}],"line":172}},"s":{"0":2,"1":2000,"2":16980,"3":2,"4":2,"5":2,"6":2,"7":2,"8":18,"9":2,"10":18,"11":2,"12":18,"13":18,"14":2,"15":2,"16":18,"17":18,"18":18,"19":18,"20":18,"21":17730,"22":17730,"23":17730,"24":18,"25":2,"26":2,"27":18,"28":1,"29":1,"30":1,"31":1,"32":1,"33":18,"34":3,"35":3,"36":18,"37":3,"38":3,"39":1,"40":1,"41":2,"42":2,"43":18,"44":1},"f":{"0":2000,"1":16980,"2":18,"3":18,"4":18,"5":18,"6":18,"7":17730,"8":2,"9":1,"10":3,"11":3,"12":1},"b":{"0":[4,14],"1":[5,13],"2":[5,13],"3":[1,17],"4":[18,5],"5":[1,0],"6":[1,2],"7":[4,14],"8":[4,14],"9":[18,16]},"_coverageSchema":"43e27e138ebf9cfc5966b082cf9a028302ed4184","hash":"7000120d691976d99fb16aeb5b91e831425e303f"}
}
