{"/Users/ghyener/Desktop/Gul-Assignment/src/App.js": {"path":"/Users/ghyener/Desktop/Gul-Assignment/src/App.js","statementMap":{"0":{"start":{"line":6,"column":18},"end":{"line":8,"column":47}},"1":{"start":{"line":7,"column":20},"end":{"line":7,"column":31}},"2":{"start":{"line":8,"column":18},"end":{"line":8,"column":46}},"3":{"start":{"line":10,"column":12},"end":{"line":24,"column":1}},"4":{"start":{"line":11,"column":42},"end":{"line":11,"column":54}},"5":{"start":{"line":13,"column":2},"end":{"line":23,"column":4}}},"fnMap":{"0":{"name":"(anonymous_0)","decl":{"start":{"line":7,"column":10},"end":{"line":7,"column":11}},"loc":{"start":{"line":7,"column":20},"end":{"line":7,"column":31}},"line":7},"1":{"name":"(anonymous_1)","decl":{"start":{"line":8,"column":8},"end":{"line":8,"column":9}},"loc":{"start":{"line":8,"column":18},"end":{"line":8,"column":46}},"line":8},"2":{"name":"(anonymous_2)","decl":{"start":{"line":10,"column":12},"end":{"line":10,"column":13}},"loc":{"start":{"line":10,"column":18},"end":{"line":24,"column":1}},"line":10}},"branchMap":{},"s":{"0":1,"1":1000,"2":8490,"3":1,"4":1,"5":1},"f":{"0":1000,"1":8490,"2":1},"b":{},"_coverageSchema":"43e27e138ebf9cfc5966b082cf9a028302ed4184","hash":"f78e3d4d1a5eec35a5e17d939fdae4fa2d43401b"}
,"/Users/ghyener/Desktop/Gul-Assignment/src/HotApp.js": {"path":"/Users/ghyener/Desktop/Gul-Assignment/src/HotApp.js","statementMap":{},"fnMap":{},"branchMap":{},"s":{},"f":{},"b":{},"hash":"a49e5c4dbc75d70f2779e81acdd9c48648f49901"}
,"/Users/ghyener/Desktop/Gul-Assignment/src/entry.js": {"path":"/Users/ghyener/Desktop/Gul-Assignment/src/entry.js","statementMap":{"0":{"start":{"line":7,"column":0},"end":{"line":7,"column":60}}},"fnMap":{},"branchMap":{},"s":{"0":0},"f":{},"b":{},"hash":"9e407be4dd39eee1d2e3f62f9264d87365acf1f7"}
,"/Users/ghyener/Desktop/Gul-Assignment/src/components/DropdownList.js": {"path":"/Users/ghyener/Desktop/Gul-Assignment/src/components/DropdownList.js","statementMap":{"0":{"start":{"line":4,"column":22},"end":{"line":15,"column":1}},"1":{"start":{"line":7,"column":23},"end":{"line":7,"column":54}},"2":{"start":{"line":8,"column":26},"end":{"line":8,"column":54}},"3":{"start":{"line":9,"column":22},"end":{"line":9,"column":50}},"4":{"start":{"line":17,"column":11},"end":{"line":44,"column":1}},"5":{"start":{"line":18,"column":25},"end":{"line":18,"column":44}},"6":{"start":{"line":23,"column":26},"end":{"line":23,"column":64}},"7":{"start":{"line":46,"column":11},"end":{"line":59,"column":1}},"8":{"start":{"line":61,"column":21},"end":{"line":124,"column":1}},"9":{"start":{"line":62,"column":36},"end":{"line":62,"column":51}},"10":{"start":{"line":63,"column":38},"end":{"line":63,"column":51}},"11":{"start":{"line":66,"column":2},"end":{"line":68,"column":3}},"12":{"start":{"line":67,"column":4},"end":{"line":67,"column":92}},"13":{"start":{"line":72,"column":4},"end":{"line":78,"column":6}},"14":{"start":{"line":73,"column":6},"end":{"line":73,"column":26}},"15":{"start":{"line":74,"column":6},"end":{"line":77,"column":13}},"16":{"start":{"line":75,"column":8},"end":{"line":75,"column":21}},"17":{"start":{"line":76,"column":8},"end":{"line":76,"column":34}},"18":{"start":{"line":81,"column":32},"end":{"line":93,"column":9}},"19":{"start":{"line":82,"column":4},"end":{"line":92,"column":5}},"20":{"start":{"line":83,"column":28},"end":{"line":83,"column":75}},"21":{"start":{"line":84,"column":31},"end":{"line":84,"column":65}},"22":{"start":{"line":85,"column":6},"end":{"line":91,"column":7}},"23":{"start":{"line":86,"column":8},"end":{"line":86,"column":27}},"24":{"start":{"line":87,"column":8},"end":{"line":87,"column":42}},"25":{"start":{"line":89,"column":8},"end":{"line":89,"column":28}},"26":{"start":{"line":90,"column":8},"end":{"line":90,"column":45}},"27":{"start":{"line":95,"column":2},"end":{"line":97,"column":25}},"28":{"start":{"line":96,"column":4},"end":{"line":96,"column":28}},"29":{"start":{"line":99,"column":2},"end":{"line":106,"column":25}},"30":{"start":{"line":100,"column":4},"end":{"line":100,"column":61}},"31":{"start":{"line":101,"column":4},"end":{"line":101,"column":61}},"32":{"start":{"line":102,"column":4},"end":{"line":105,"column":6}},"33":{"start":{"line":103,"column":6},"end":{"line":103,"column":66}},"34":{"start":{"line":104,"column":6},"end":{"line":104,"column":63}},"35":{"start":{"line":108,"column":2},"end":{"line":123,"column":4}},"36":{"start":{"line":117,"column":10},"end":{"line":119,"column":15}}},"fnMap":{"0":{"name":"(anonymous_0)","decl":{"start":{"line":7,"column":13},"end":{"line":7,"column":14}},"loc":{"start":{"line":7,"column":23},"end":{"line":7,"column":54}},"line":7},"1":{"name":"(anonymous_1)","decl":{"start":{"line":8,"column":16},"end":{"line":8,"column":17}},"loc":{"start":{"line":8,"column":26},"end":{"line":8,"column":54}},"line":8},"2":{"name":"(anonymous_2)","decl":{"start":{"line":9,"column":12},"end":{"line":9,"column":13}},"loc":{"start":{"line":9,"column":22},"end":{"line":9,"column":50}},"line":9},"3":{"name":"(anonymous_3)","decl":{"start":{"line":18,"column":16},"end":{"line":18,"column":17}},"loc":{"start":{"line":18,"column":25},"end":{"line":18,"column":44}},"line":18},"4":{"name":"(anonymous_4)","decl":{"start":{"line":23,"column":16},"end":{"line":23,"column":17}},"loc":{"start":{"line":23,"column":26},"end":{"line":23,"column":64}},"line":23},"5":{"name":"(anonymous_5)","decl":{"start":{"line":61,"column":21},"end":{"line":61,"column":22}},"loc":{"start":{"line":61,"column":67},"end":{"line":124,"column":1}},"line":61},"6":{"name":"debounce","decl":{"start":{"line":70,"column":11},"end":{"line":70,"column":19}},"loc":{"start":{"line":70,"column":28},"end":{"line":79,"column":3}},"line":70},"7":{"name":"(anonymous_7)","decl":{"start":{"line":72,"column":11},"end":{"line":72,"column":12}},"loc":{"start":{"line":72,"column":16},"end":{"line":78,"column":5}},"line":72},"8":{"name":"(anonymous_8)","decl":{"start":{"line":74,"column":25},"end":{"line":74,"column":26}},"loc":{"start":{"line":74,"column":30},"end":{"line":77,"column":7}},"line":74},"9":{"name":"handleResize","decl":{"start":{"line":81,"column":50},"end":{"line":81,"column":62}},"loc":{"start":{"line":81,"column":65},"end":{"line":93,"column":3}},"line":81},"10":{"name":"(anonymous_10)","decl":{"start":{"line":95,"column":18},"end":{"line":95,"column":19}},"loc":{"start":{"line":95,"column":24},"end":{"line":97,"column":3}},"line":95},"11":{"name":"(anonymous_11)","decl":{"start":{"line":99,"column":12},"end":{"line":99,"column":13}},"loc":{"start":{"line":99,"column":18},"end":{"line":106,"column":3}},"line":99},"12":{"name":"(anonymous_12)","decl":{"start":{"line":102,"column":11},"end":{"line":102,"column":12}},"loc":{"start":{"line":102,"column":17},"end":{"line":105,"column":5}},"line":102},"13":{"name":"(anonymous_13)","decl":{"start":{"line":116,"column":19},"end":{"line":116,"column":20}},"loc":{"start":{"line":117,"column":10},"end":{"line":119,"column":15}},"line":117}},"branchMap":{"0":{"loc":{"start":{"line":7,"column":23},"end":{"line":7,"column":54}},"type":"cond-expr","locations":[{"start":{"line":7,"column":38},"end":{"line":7,"column":45}},{"start":{"line":7,"column":48},"end":{"line":7,"column":54}}],"line":7},"1":{"loc":{"start":{"line":8,"column":26},"end":{"line":8,"column":54}},"type":"cond-expr","locations":[{"start":{"line":8,"column":42},"end":{"line":8,"column":46}},{"start":{"line":8,"column":49},"end":{"line":8,"column":54}}],"line":8},"2":{"loc":{"start":{"line":9,"column":22},"end":{"line":9,"column":50}},"type":"cond-expr","locations":[{"start":{"line":9,"column":38},"end":{"line":9,"column":43}},{"start":{"line":9,"column":46},"end":{"line":9,"column":50}}],"line":9},"3":{"loc":{"start":{"line":23,"column":26},"end":{"line":23,"column":64}},"type":"cond-expr","locations":[{"start":{"line":23,"column":45},"end":{"line":23,"column":53}},{"start":{"line":23,"column":56},"end":{"line":23,"column":64}}],"line":23},"4":{"loc":{"start":{"line":66,"column":2},"end":{"line":68,"column":3}},"type":"if","locations":[{"start":{"line":66,"column":2},"end":{"line":68,"column":3}},{"start":{"line":66,"column":2},"end":{"line":68,"column":3}}],"line":66},"5":{"loc":{"start":{"line":82,"column":4},"end":{"line":92,"column":5}},"type":"if","locations":[{"start":{"line":82,"column":4},"end":{"line":92,"column":5}},{"start":{"line":82,"column":4},"end":{"line":92,"column":5}}],"line":82},"6":{"loc":{"start":{"line":85,"column":6},"end":{"line":91,"column":7}},"type":"if","locations":[{"start":{"line":85,"column":6},"end":{"line":91,"column":7}},{"start":{"line":85,"column":6},"end":{"line":91,"column":7}}],"line":85},"7":{"loc":{"start":{"line":112,"column":20},"end":{"line":112,"column":52}},"type":"cond-expr","locations":[{"start":{"line":112,"column":41},"end":{"line":112,"column":45}},{"start":{"line":112,"column":48},"end":{"line":112,"column":52}}],"line":112}},"s":{"0":2,"1":29,"2":29,"3":29,"4":2,"5":29,"6":29,"7":2,"8":2,"9":29,"10":29,"11":29,"12":17,"13":29,"14":21,"15":21,"16":2,"17":2,"18":29,"19":2,"20":2,"21":2,"22":2,"23":0,"24":0,"25":2,"26":2,"27":29,"28":21,"29":29,"30":21,"31":21,"32":21,"33":20,"34":20,"35":29,"36":1061},"f":{"0":29,"1":29,"2":29,"3":29,"4":29,"5":29,"6":29,"7":21,"8":2,"9":2,"10":21,"11":21,"12":20,"13":1061},"b":{"0":[9,20],"1":[0,29],"2":[0,29],"3":[4,25],"4":[17,12],"5":[2,0],"6":[0,2],"7":[4,25]},"_coverageSchema":"43e27e138ebf9cfc5966b082cf9a028302ed4184","hash":"288230300be7cf5a8217112c1e8b4469efc7df1f"}
,"/Users/ghyener/Desktop/Gul-Assignment/src/components/SearchBar.js": {"path":"/Users/ghyener/Desktop/Gul-Assignment/src/components/SearchBar.js","statementMap":{"0":{"start":{"line":10,"column":19},"end":{"line":10,"column":38}},"1":{"start":{"line":12,"column":18},"end":{"line":15,"column":1}},"2":{"start":{"line":17,"column":23},"end":{"line":28,"column":1}},"3":{"start":{"line":30,"column":14},"end":{"line":44,"column":1}},"4":{"start":{"line":35,"column":21},"end":{"line":35,"column":56}},"5":{"start":{"line":37,"column":28},"end":{"line":37,"column":71}},"6":{"start":{"line":46,"column":22},"end":{"line":55,"column":1}},"7":{"start":{"line":50,"column":4},"end":{"line":50,"column":87}},"8":{"start":{"line":57,"column":20},"end":{"line":66,"column":1}},"9":{"start":{"line":68,"column":18},"end":{"line":77,"column":1}},"10":{"start":{"line":79,"column":19},"end":{"line":85,"column":1}},"11":{"start":{"line":80,"column":23},"end":{"line":80,"column":54}},"12":{"start":{"line":87,"column":18},"end":{"line":185,"column":1}},"13":{"start":{"line":88,"column":28},"end":{"line":88,"column":45}},"14":{"start":{"line":89,"column":42},"end":{"line":89,"column":59}},"15":{"start":{"line":90,"column":40},"end":{"line":90,"column":52}},"16":{"start":{"line":91,"column":32},"end":{"line":91,"column":47}},"17":{"start":{"line":92,"column":30},"end":{"line":92,"column":45}},"18":{"start":{"line":94,"column":19},"end":{"line":94,"column":27}},"19":{"start":{"line":95,"column":14},"end":{"line":95,"column":22}},"20":{"start":{"line":97,"column":2},"end":{"line":106,"column":20}},"21":{"start":{"line":98,"column":4},"end":{"line":105,"column":5}},"22":{"start":{"line":99,"column":22},"end":{"line":103,"column":8}},"23":{"start":{"line":100,"column":25},"end":{"line":100,"column":50}},"24":{"start":{"line":101,"column":27},"end":{"line":101,"column":52}},"25":{"start":{"line":102,"column":8},"end":{"line":102,"column":45}},"26":{"start":{"line":104,"column":6},"end":{"line":104,"column":24}},"27":{"start":{"line":108,"column":23},"end":{"line":110,"column":3}},"28":{"start":{"line":109,"column":4},"end":{"line":109,"column":39}},"29":{"start":{"line":112,"column":22},"end":{"line":120,"column":3}},"30":{"start":{"line":113,"column":18},"end":{"line":113,"column":41}},"31":{"start":{"line":114,"column":4},"end":{"line":114,"column":26}},"32":{"start":{"line":115,"column":4},"end":{"line":115,"column":27}},"33":{"start":{"line":116,"column":4},"end":{"line":119,"column":5}},"34":{"start":{"line":117,"column":6},"end":{"line":117,"column":23}},"35":{"start":{"line":118,"column":6},"end":{"line":118,"column":23}},"36":{"start":{"line":122,"column":22},"end":{"line":125,"column":3}},"37":{"start":{"line":123,"column":4},"end":{"line":123,"column":21}},"38":{"start":{"line":124,"column":4},"end":{"line":124,"column":20}},"39":{"start":{"line":127,"column":27},"end":{"line":137,"column":3}},"40":{"start":{"line":128,"column":4},"end":{"line":128,"column":28}},"41":{"start":{"line":129,"column":4},"end":{"line":129,"column":22}},"42":{"start":{"line":130,"column":4},"end":{"line":136,"column":5}},"43":{"start":{"line":131,"column":6},"end":{"line":131,"column":25}},"44":{"start":{"line":132,"column":6},"end":{"line":132,"column":31}},"45":{"start":{"line":134,"column":6},"end":{"line":134,"column":23}},"46":{"start":{"line":135,"column":6},"end":{"line":135,"column":24}},"47":{"start":{"line":139,"column":2},"end":{"line":184,"column":4}},"48":{"start":{"line":145,"column":23},"end":{"line":145,"column":47}}},"fnMap":{"0":{"name":"(anonymous_0)","decl":{"start":{"line":35,"column":11},"end":{"line":35,"column":12}},"loc":{"start":{"line":35,"column":21},"end":{"line":35,"column":56}},"line":35},"1":{"name":"(anonymous_1)","decl":{"start":{"line":37,"column":18},"end":{"line":37,"column":19}},"loc":{"start":{"line":37,"column":28},"end":{"line":37,"column":71}},"line":37},"2":{"name":"(anonymous_2)","decl":{"start":{"line":49,"column":15},"end":{"line":49,"column":16}},"loc":{"start":{"line":50,"column":4},"end":{"line":50,"column":87}},"line":50},"3":{"name":"(anonymous_3)","decl":{"start":{"line":80,"column":13},"end":{"line":80,"column":14}},"loc":{"start":{"line":80,"column":23},"end":{"line":80,"column":54}},"line":80},"4":{"name":"(anonymous_4)","decl":{"start":{"line":87,"column":18},"end":{"line":87,"column":19}},"loc":{"start":{"line":87,"column":66},"end":{"line":185,"column":1}},"line":87},"5":{"name":"(anonymous_5)","decl":{"start":{"line":97,"column":12},"end":{"line":97,"column":13}},"loc":{"start":{"line":97,"column":18},"end":{"line":106,"column":3}},"line":97},"6":{"name":"(anonymous_6)","decl":{"start":{"line":99,"column":42},"end":{"line":99,"column":43}},"loc":{"start":{"line":99,"column":52},"end":{"line":103,"column":7}},"line":99},"7":{"name":"(anonymous_7)","decl":{"start":{"line":108,"column":23},"end":{"line":108,"column":24}},"loc":{"start":{"line":108,"column":32},"end":{"line":110,"column":3}},"line":108},"8":{"name":"(anonymous_8)","decl":{"start":{"line":112,"column":22},"end":{"line":112,"column":23}},"loc":{"start":{"line":112,"column":31},"end":{"line":120,"column":3}},"line":112},"9":{"name":"(anonymous_9)","decl":{"start":{"line":122,"column":22},"end":{"line":122,"column":23}},"loc":{"start":{"line":122,"column":28},"end":{"line":125,"column":3}},"line":122},"10":{"name":"(anonymous_10)","decl":{"start":{"line":127,"column":27},"end":{"line":127,"column":28}},"loc":{"start":{"line":127,"column":36},"end":{"line":137,"column":3}},"line":127},"11":{"name":"(anonymous_11)","decl":{"start":{"line":145,"column":17},"end":{"line":145,"column":18}},"loc":{"start":{"line":145,"column":23},"end":{"line":145,"column":47}},"line":145}},"branchMap":{"0":{"loc":{"start":{"line":35,"column":21},"end":{"line":35,"column":56}},"type":"cond-expr","locations":[{"start":{"line":35,"column":35},"end":{"line":35,"column":44}},{"start":{"line":35,"column":47},"end":{"line":35,"column":56}}],"line":35},"1":{"loc":{"start":{"line":37,"column":28},"end":{"line":37,"column":71}},"type":"cond-expr","locations":[{"start":{"line":37,"column":59},"end":{"line":37,"column":65}},{"start":{"line":37,"column":68},"end":{"line":37,"column":71}}],"line":37},"2":{"loc":{"start":{"line":37,"column":28},"end":{"line":37,"column":56}},"type":"binary-expr","locations":[{"start":{"line":37,"column":28},"end":{"line":37,"column":39}},{"start":{"line":37,"column":43},"end":{"line":37,"column":56}}],"line":37},"3":{"loc":{"start":{"line":50,"column":4},"end":{"line":50,"column":87}},"type":"cond-expr","locations":[{"start":{"line":50,"column":18},"end":{"line":50,"column":52}},{"start":{"line":50,"column":55},"end":{"line":50,"column":87}}],"line":50},"4":{"loc":{"start":{"line":80,"column":23},"end":{"line":80,"column":54}},"type":"cond-expr","locations":[{"start":{"line":80,"column":38},"end":{"line":80,"column":45}},{"start":{"line":80,"column":48},"end":{"line":80,"column":54}}],"line":80},"5":{"loc":{"start":{"line":98,"column":4},"end":{"line":105,"column":5}},"type":"if","locations":[{"start":{"line":98,"column":4},"end":{"line":105,"column":5}},{"start":{"line":98,"column":4},"end":{"line":105,"column":5}}],"line":98},"6":{"loc":{"start":{"line":116,"column":4},"end":{"line":119,"column":5}},"type":"if","locations":[{"start":{"line":116,"column":4},"end":{"line":119,"column":5}},{"start":{"line":116,"column":4},"end":{"line":119,"column":5}}],"line":116},"7":{"loc":{"start":{"line":130,"column":4},"end":{"line":136,"column":5}},"type":"if","locations":[{"start":{"line":130,"column":4},"end":{"line":136,"column":5}},{"start":{"line":130,"column":4},"end":{"line":136,"column":5}}],"line":130},"8":{"loc":{"start":{"line":155,"column":23},"end":{"line":155,"column":56}},"type":"cond-expr","locations":[{"start":{"line":155,"column":32},"end":{"line":155,"column":51}},{"start":{"line":155,"column":54},"end":{"line":155,"column":56}}],"line":155},"9":{"loc":{"start":{"line":163,"column":9},"end":{"line":172,"column":9}},"type":"cond-expr","locations":[{"start":{"line":164,"column":10},"end":{"line":169,"column":12}},{"start":{"line":171,"column":10},"end":{"line":171,"column":25}}],"line":163},"10":{"loc":{"start":{"line":174,"column":7},"end":{"line":182,"column":7}},"type":"binary-expr","locations":[{"start":{"line":174,"column":7},"end":{"line":174,"column":23}},{"start":{"line":175,"column":8},"end":{"line":181,"column":10}}],"line":174}},"s":{"0":2,"1":2,"2":2,"3":2,"4":27,"5":27,"6":2,"7":27,"8":2,"9":2,"10":2,"11":27,"12":2,"13":27,"14":27,"15":27,"16":27,"17":27,"18":27,"19":27,"20":27,"21":17,"22":4,"23":12,"24":12,"25":12,"26":4,"27":27,"28":2,"29":27,"30":2,"31":2,"32":2,"33":2,"34":2,"35":2,"36":27,"37":5,"38":5,"39":27,"40":3,"41":3,"42":3,"43":1,"44":1,"45":2,"46":2,"47":27,"48":1},"f":{"0":27,"1":27,"2":27,"3":27,"4":27,"5":17,"6":12,"7":2,"8":2,"9":5,"10":3,"11":1},"b":{"0":[11,16],"1":[4,23],"2":[27,11],"3":[11,16],"4":[7,20],"5":[4,13],"6":[2,0],"7":[1,2],"8":[7,20],"9":[7,20],"10":[27,27]},"_coverageSchema":"43e27e138ebf9cfc5966b082cf9a028302ed4184","hash":"43d9715d5d9774c9dc3a703693f3e15484fb3f62"}
}
