TN:
SF:/Users/ghyener/Desktop/Gul-Assignment/src/App.js
FN:4,(anonymous_0)
FNF:1
FNH:1
FNDA:1,(anonymous_0)
DA:4,1
DA:5,1
LF:2
LH:2
BRF:0
BRH:0
end_of_record
TN:
SF:/Users/ghyener/Desktop/Gul-Assignment/src/HotApp.js
FNF:0
FNH:0
LF:0
LH:0
BRF:0
BRH:0
end_of_record
TN:
SF:/Users/ghyener/Desktop/Gul-Assignment/src/entry.js
FNF:0
FNH:0
DA:7,0
LF:1
LH:0
BRF:0
BRH:0
end_of_record
TN:
SF:/Users/ghyener/Desktop/Gul-Assignment/src/components/DropdownList.js
FN:5,(anonymous_0)
FN:19,(anonymous_1)
FN:66,(anonymous_2)
FN:70,(anonymous_3)
FNF:4
FNH:4
FNDA:17,(anonymous_0)
FNDA:17,(anonymous_1)
FNDA:17,(anonymous_2)
FNDA:14779,(anonymous_3)
DA:4,3
DA:5,17
DA:14,3
DA:19,17
DA:51,3
DA:66,3
DA:67,17
DA:71,14779
LF:8
LH:8
BRDA:5,0,0,3
BRDA:5,0,1,14
BRDA:19,1,0,2
BRDA:19,1,1,15
BRDA:69,2,0,2
BRDA:69,2,1,15
BRF:6
BRH:6
end_of_record
TN:
SF:/Users/ghyener/Desktop/Gul-Assignment/src/components/SearchBar.js
FN:11,(anonymous_0)
FN:12,(anonymous_1)
FN:44,(anonymous_2)
FN:54,(anonymous_3)
FN:68,(anonymous_4)
FN:70,(anonymous_5)
FN:93,(anonymous_6)
FN:100,(anonymous_7)
FN:106,(anonymous_8)
FN:111,(anonymous_9)
FN:120,(anonymous_10)
FN:125,(anonymous_11)
FN:143,(anonymous_12)
FNF:13
FNH:13
FNDA:2000,(anonymous_0)
FNDA:16980,(anonymous_1)
FNDA:18,(anonymous_2)
FNDA:18,(anonymous_3)
FNDA:18,(anonymous_4)
FNDA:18,(anonymous_5)
FNDA:18,(anonymous_6)
FNDA:17730,(anonymous_7)
FNDA:2,(anonymous_8)
FNDA:1,(anonymous_9)
FNDA:3,(anonymous_10)
FNDA:3,(anonymous_11)
FNDA:1,(anonymous_12)
DA:10,2
DA:11,2000
DA:12,16980
DA:14,2
DA:16,2
DA:21,2
DA:32,2
DA:43,2
DA:44,18
DA:51,2
DA:55,18
DA:62,2
DA:68,18
DA:70,18
DA:79,2
DA:93,2
DA:94,18
DA:95,18
DA:96,18
DA:98,18
DA:100,18
DA:101,17730
DA:102,17730
DA:103,17730
DA:106,18
DA:107,2
DA:108,2
DA:111,18
DA:112,1
DA:113,1
DA:114,1
DA:115,1
DA:116,1
DA:120,18
DA:121,3
DA:122,3
DA:125,18
DA:126,3
DA:127,3
DA:128,1
DA:129,1
DA:131,2
DA:132,2
DA:136,18
DA:143,1
LF:45
LH:45
BRDA:44,0,0,4
BRDA:44,0,1,14
BRDA:55,1,0,5
BRDA:55,1,1,13
BRDA:68,2,0,5
BRDA:68,2,1,13
BRDA:70,3,0,1
BRDA:70,3,1,17
BRDA:70,4,0,18
BRDA:70,4,1,5
BRDA:114,5,0,1
BRDA:114,5,1,0
BRDA:127,6,0,1
BRDA:127,6,1,2
BRDA:153,7,0,4
BRDA:153,7,1,14
BRDA:161,8,0,4
BRDA:161,8,1,14
BRDA:172,9,0,18
BRDA:172,9,1,16
BRF:20
BRH:19
end_of_record
