TN:
SF:/Users/ghyener/Desktop/Gul-Assignment/src/App.js
FN:7,(anonymous_0)
FN:8,(anonymous_1)
FN:10,(anonymous_2)
FNF:3
FNH:3
FNDA:1000,(anonymous_0)
FNDA:8490,(anonymous_1)
FNDA:1,(anonymous_2)
DA:6,1
DA:7,1000
DA:8,8490
DA:10,1
DA:11,1
DA:13,1
LF:6
LH:6
BRF:0
BRH:0
end_of_record
TN:
SF:/Users/ghyener/Desktop/Gul-Assignment/src/HotApp.js
FNF:0
FNH:0
LF:0
LH:0
BRF:0
BRH:0
end_of_record
TN:
SF:/Users/ghyener/Desktop/Gul-Assignment/src/entry.js
FNF:0
FNH:0
DA:7,0
LF:1
LH:0
BRF:0
BRH:0
end_of_record
TN:
SF:/Users/ghyener/Desktop/Gul-Assignment/src/components/DropdownList.js
FN:7,(anonymous_0)
FN:8,(anonymous_1)
FN:9,(anonymous_2)
FN:18,(anonymous_3)
FN:23,(anonymous_4)
FN:61,(anonymous_5)
FN:70,debounce
FN:72,(anonymous_7)
FN:74,(anonymous_8)
FN:81,handleResize
FN:95,(anonymous_10)
FN:99,(anonymous_11)
FN:102,(anonymous_12)
FN:116,(anonymous_13)
FNF:14
FNH:14
FNDA:29,(anonymous_0)
FNDA:29,(anonymous_1)
FNDA:29,(anonymous_2)
FNDA:29,(anonymous_3)
FNDA:29,(anonymous_4)
FNDA:29,(anonymous_5)
FNDA:29,debounce
FNDA:21,(anonymous_7)
FNDA:2,(anonymous_8)
FNDA:2,handleResize
FNDA:21,(anonymous_10)
FNDA:21,(anonymous_11)
FNDA:20,(anonymous_12)
FNDA:1061,(anonymous_13)
DA:4,2
DA:7,29
DA:8,29
DA:9,29
DA:17,2
DA:18,29
DA:23,29
DA:46,2
DA:61,2
DA:62,29
DA:63,29
DA:66,29
DA:67,17
DA:72,29
DA:73,21
DA:74,21
DA:75,2
DA:76,2
DA:81,29
DA:82,2
DA:83,2
DA:84,2
DA:85,2
DA:86,0
DA:87,0
DA:89,2
DA:90,2
DA:95,29
DA:96,21
DA:99,29
DA:100,21
DA:101,21
DA:102,21
DA:103,20
DA:104,20
DA:108,29
DA:117,1061
LF:37
LH:35
BRDA:7,0,0,9
BRDA:7,0,1,20
BRDA:8,1,0,0
BRDA:8,1,1,29
BRDA:9,2,0,0
BRDA:9,2,1,29
BRDA:23,3,0,4
BRDA:23,3,1,25
BRDA:66,4,0,17
BRDA:66,4,1,12
BRDA:82,5,0,2
BRDA:82,5,1,0
BRDA:85,6,0,0
BRDA:85,6,1,2
BRDA:112,7,0,4
BRDA:112,7,1,25
BRF:16
BRH:12
end_of_record
TN:
SF:/Users/ghyener/Desktop/Gul-Assignment/src/components/SearchBar.js
FN:35,(anonymous_0)
FN:37,(anonymous_1)
FN:49,(anonymous_2)
FN:80,(anonymous_3)
FN:87,(anonymous_4)
FN:97,(anonymous_5)
FN:99,(anonymous_6)
FN:108,(anonymous_7)
FN:112,(anonymous_8)
FN:122,(anonymous_9)
FN:127,(anonymous_10)
FN:145,(anonymous_11)
FNF:12
FNH:12
FNDA:27,(anonymous_0)
FNDA:27,(anonymous_1)
FNDA:27,(anonymous_2)
FNDA:27,(anonymous_3)
FNDA:27,(anonymous_4)
FNDA:17,(anonymous_5)
FNDA:12,(anonymous_6)
FNDA:2,(anonymous_7)
FNDA:2,(anonymous_8)
FNDA:5,(anonymous_9)
FNDA:3,(anonymous_10)
FNDA:1,(anonymous_11)
DA:10,2
DA:12,2
DA:17,2
DA:30,2
DA:35,27
DA:37,27
DA:46,2
DA:50,27
DA:57,2
DA:68,2
DA:79,2
DA:80,27
DA:87,2
DA:88,27
DA:89,27
DA:90,27
DA:91,27
DA:92,27
DA:94,27
DA:95,27
DA:97,27
DA:98,17
DA:99,4
DA:100,12
DA:101,12
DA:102,12
DA:104,4
DA:108,27
DA:109,2
DA:112,27
DA:113,2
DA:114,2
DA:115,2
DA:116,2
DA:117,2
DA:118,2
DA:122,27
DA:123,5
DA:124,5
DA:127,27
DA:128,3
DA:129,3
DA:130,3
DA:131,1
DA:132,1
DA:134,2
DA:135,2
DA:139,27
DA:145,1
LF:49
LH:49
BRDA:35,0,0,11
BRDA:35,0,1,16
BRDA:37,1,0,4
BRDA:37,1,1,23
BRDA:37,2,0,27
BRDA:37,2,1,11
BRDA:50,3,0,11
BRDA:50,3,1,16
BRDA:80,4,0,7
BRDA:80,4,1,20
BRDA:98,5,0,4
BRDA:98,5,1,13
BRDA:116,6,0,2
BRDA:116,6,1,0
BRDA:130,7,0,1
BRDA:130,7,1,2
BRDA:155,8,0,7
BRDA:155,8,1,20
BRDA:163,9,0,7
BRDA:163,9,1,20
BRDA:174,10,0,27
BRDA:174,10,1,27
BRF:22
BRH:21
end_of_record
